C:\USERS\NING\DOCUMENTS\VISUAL STUDIO 2012\PROJECTS\WORKER\WORKER\DEBUG\WORKER.OBJ
C:\USERS\NING\DOCUMENTS\VISUAL STUDIO 2012\PROJECTS\WORKER\WORKER\DEBUG\VC110.PDB
C:\USERS\NING\DOCUMENTS\VISUAL STUDIO 2012\PROJECTS\WORKER\DEBUG\WORKER.ILK
C:\USERS\NING\DOCUMENTS\VISUAL STUDIO 2012\PROJECTS\WORKER\DEBUG\WORKER.EXE
C:\USERS\NING\DOCUMENTS\VISUAL STUDIO 2012\PROJECTS\WORKER\DEBUG\WORKER.PDB
C:\Users\ning\Documents\Visual Studio 2012\Projects\Worker\Worker\Debug\Worker.obj
C:\Users\ning\Documents\Visual Studio 2012\Projects\Worker\Worker\Debug\cl.command.1.tlog
C:\Users\ning\Documents\Visual Studio 2012\Projects\Worker\Worker\Debug\CL.read.1.tlog
C:\Users\ning\Documents\Visual Studio 2012\Projects\Worker\Worker\Debug\CL.write.1.tlog
C:\Users\ning\Documents\Visual Studio 2012\Projects\Worker\Worker\Debug\link-cvtres.read.1.tlog
C:\Users\ning\Documents\Visual Studio 2012\Projects\Worker\Worker\Debug\link-cvtres.write.1.tlog
C:\Users\ning\Documents\Visual Studio 2012\Projects\Worker\Worker\Debug\link-rc.read.1.tlog
C:\Users\ning\Documents\Visual Studio 2012\Projects\Worker\Worker\Debug\link-rc.write.1.tlog
C:\Users\ning\Documents\Visual Studio 2012\Projects\Worker\Worker\Debug\link.command.1.tlog
C:\Users\ning\Documents\Visual Studio 2012\Projects\Worker\Worker\Debug\link.read.1.tlog
C:\Users\ning\Documents\Visual Studio 2012\Projects\Worker\Worker\Debug\link.write.1.tlog
C:\Users\ning\Documents\Visual Studio 2012\Projects\Worker\Worker\Debug\vc110.idb
C:\Users\ning\Documents\Visual Studio 2012\Projects\Worker\Worker\Debug\vc110.pdb
C:\Users\ning\Documents\Visual Studio 2012\Projects\Worker\Debug\Worker.pdb
C:\Users\ning\Documents\Visual Studio 2012\Projects\Worker\Debug\Worker.exe
C:\Users\ning\Documents\Visual Studio 2012\Projects\Worker\Debug\Worker.ilk
