C:\USERS\NING\DOCUMENTS\VISUAL STUDIO 2012\PROJECTS\CALENDAR\CALENDAR\DEBUG\CALENDAR.OBJ
C:\USERS\NING\DOCUMENTS\VISUAL STUDIO 2012\PROJECTS\CALENDAR\CALENDAR\DEBUG\VC110.PDB
C:\USERS\NING\DOCUMENTS\VISUAL STUDIO 2012\PROJECTS\CALENDAR\DEBUG\CALENDAR.ILK
C:\USERS\NING\DOCUMENTS\VISUAL STUDIO 2012\PROJECTS\CALENDAR\DEBUG\CALENDAR.EXE
C:\USERS\NING\DOCUMENTS\VISUAL STUDIO 2012\PROJECTS\CALENDAR\DEBUG\CALENDAR.PDB
c:\Users\ning\documents\visual studio 2012\Projects\Calendar\Calendar\Debug\Calendar.obj
c:\Users\ning\documents\visual studio 2012\Projects\Calendar\Calendar\Debug\cl.command.1.tlog
c:\Users\ning\documents\visual studio 2012\Projects\Calendar\Calendar\Debug\CL.read.1.tlog
c:\Users\ning\documents\visual studio 2012\Projects\Calendar\Calendar\Debug\CL.write.1.tlog
c:\Users\ning\documents\visual studio 2012\Projects\Calendar\Calendar\Debug\link-cvtres.read.1.tlog
c:\Users\ning\documents\visual studio 2012\Projects\Calendar\Calendar\Debug\link-cvtres.write.1.tlog
c:\Users\ning\documents\visual studio 2012\Projects\Calendar\Calendar\Debug\link-rc.read.1.tlog
c:\Users\ning\documents\visual studio 2012\Projects\Calendar\Calendar\Debug\link-rc.write.1.tlog
c:\Users\ning\documents\visual studio 2012\Projects\Calendar\Calendar\Debug\link.command.1.tlog
c:\Users\ning\documents\visual studio 2012\Projects\Calendar\Calendar\Debug\link.read.1.tlog
c:\Users\ning\documents\visual studio 2012\Projects\Calendar\Calendar\Debug\link.write.1.tlog
c:\Users\ning\documents\visual studio 2012\Projects\Calendar\Calendar\Debug\vc110.idb
c:\Users\ning\documents\visual studio 2012\Projects\Calendar\Calendar\Debug\vc110.pdb
c:\users\ning\documents\visual studio 2012\Projects\Calendar\Debug\Calendar.pdb
c:\users\ning\documents\visual studio 2012\Projects\Calendar\Debug\Calendar.exe
c:\users\ning\documents\visual studio 2012\Projects\Calendar\Debug\Calendar.ilk
