C:\USERS\NING\DOCUMENTS\VISUAL STUDIO 2012\PROJECTS\CARANDTRUCK\CARANDTRUCK\DEBUG\CARANDTRUCK.OBJ
C:\USERS\NING\DOCUMENTS\VISUAL STUDIO 2012\PROJECTS\CARANDTRUCK\CARANDTRUCK\DEBUG\VC110.PDB
C:\USERS\NING\DOCUMENTS\VISUAL STUDIO 2012\PROJECTS\CARANDTRUCK\DEBUG\CARANDTRUCK.ILK
C:\USERS\NING\DOCUMENTS\VISUAL STUDIO 2012\PROJECTS\CARANDTRUCK\DEBUG\CARANDTRUCK.EXE
C:\USERS\NING\DOCUMENTS\VISUAL STUDIO 2012\PROJECTS\CARANDTRUCK\DEBUG\CARANDTRUCK.PDB
C:\Users\ning\Documents\Visual Studio 2012\Projects\CarAndTruck\CarAndTruck\Debug\CarAndTruck.obj
C:\Users\ning\Documents\Visual Studio 2012\Projects\CarAndTruck\CarAndTruck\Debug\cl.command.1.tlog
C:\Users\ning\Documents\Visual Studio 2012\Projects\CarAndTruck\CarAndTruck\Debug\CL.read.1.tlog
C:\Users\ning\Documents\Visual Studio 2012\Projects\CarAndTruck\CarAndTruck\Debug\CL.write.1.tlog
C:\Users\ning\Documents\Visual Studio 2012\Projects\CarAndTruck\CarAndTruck\Debug\link-cvtres.read.1.tlog
C:\Users\ning\Documents\Visual Studio 2012\Projects\CarAndTruck\CarAndTruck\Debug\link-cvtres.write.1.tlog
C:\Users\ning\Documents\Visual Studio 2012\Projects\CarAndTruck\CarAndTruck\Debug\link-rc.read.1.tlog
C:\Users\ning\Documents\Visual Studio 2012\Projects\CarAndTruck\CarAndTruck\Debug\link-rc.write.1.tlog
C:\Users\ning\Documents\Visual Studio 2012\Projects\CarAndTruck\CarAndTruck\Debug\link.command.1.tlog
C:\Users\ning\Documents\Visual Studio 2012\Projects\CarAndTruck\CarAndTruck\Debug\link.read.1.tlog
C:\Users\ning\Documents\Visual Studio 2012\Projects\CarAndTruck\CarAndTruck\Debug\link.write.1.tlog
C:\Users\ning\Documents\Visual Studio 2012\Projects\CarAndTruck\CarAndTruck\Debug\vc110.idb
C:\Users\ning\Documents\Visual Studio 2012\Projects\CarAndTruck\CarAndTruck\Debug\vc110.pdb
C:\Users\ning\Documents\Visual Studio 2012\Projects\CarAndTruck\Debug\CarAndTruck.pdb
C:\Users\ning\Documents\Visual Studio 2012\Projects\CarAndTruck\Debug\CarAndTruck.exe
C:\Users\ning\Documents\Visual Studio 2012\Projects\CarAndTruck\Debug\CarAndTruck.ilk
